<?xml version="1.0" encoding="UTF-8"?>
<!-- Generated by org.testng.reporters.JUnitReportReporter -->
<testsuite hostname="DESKTOP-NB17RKO" failures="0" tests="1" name="ValidateResponseheaders.Responseheders" time="4.138" errors="0" timestamp="2024-08-19T17:17:16 IST" skipped="0">
  <testcase classname="ValidateResponseheaders.Responseheders" name="Test06" time="4.138"/>
  <system-out/>
</testsuite> <!-- ValidateResponseheaders.Responseheders -->
