<?xml version="1.0" encoding="UTF-8"?>
<!-- Generated by org.testng.reporters.JUnitReportReporter -->
<testsuite hostname="DESKTOP-NB17RKO" failures="0" tests="1" name="ValidateResponseBody.ValidaterResponsebodyData" time="2.855" errors="0" timestamp="2024-08-20T07:33:48 IST" skipped="0">
  <testcase classname="ValidateResponseBody.ValidaterResponsebodyData" name="vaildateresponseBodyAnyData" time="2.855"/>
  <system-out/>
</testsuite> <!-- ValidateResponseBody.ValidaterResponsebodyData -->
