<?xml version="1.0" encoding="UTF-8"?>
<!-- Generated by org.testng.reporters.JUnitReportReporter -->
<testsuite hostname="DESKTOP-NB17RKO" failures="0" tests="1" name="basic_request.PatchMethod" time="3.935" errors="0" timestamp="2024-08-19T14:22:15 IST" skipped="0">
  <testcase classname="basic_request.PatchMethod" name="test04" time="3.935"/>
  <system-out/>
</testsuite> <!-- basic_request.PatchMethod -->
