<?xml version="1.0" encoding="UTF-8"?>
<!-- Generated by org.testng.reporters.JUnitReportReporter -->
<testsuite hostname="DESKTOP-NB17RKO" failures="0" tests="1" name="basic_request.GetRequest" time="11.617" errors="0" timestamp="2024-08-19T11:30:14 IST" skipped="0">
  <testcase classname="basic_request.GetRequest" name="getAllUrl" time="11.617"/>
</testsuite> <!-- basic_request.GetRequest -->
