<?xml version="1.0" encoding="UTF-8"?>
<!-- Generated by org.testng.reporters.JUnitReportReporter -->
<testsuite hostname="DESKTOP-NB17RKO" failures="0" tests="1" name="ValidateResponseBody.validateResponceForPerticularJsonBody" time="3.871" errors="0" timestamp="2024-08-20T07:51:20 IST" skipped="0">
  <testcase classname="ValidateResponseBody.validateResponceForPerticularJsonBody" name="test07" time="3.871"/>
  <system-out/>
</testsuite> <!-- ValidateResponseBody.validateResponceForPerticularJsonBody -->
