<?xml version="1.0" encoding="UTF-8"?>
<!-- Generated by org.testng.reporters.JUnitReportReporter -->
<testsuite hostname="DESKTOP-NB17RKO" failures="0" tests="1" name="Athorization_BearerToken.Athorization" time="3.240" errors="0" timestamp="2024-08-21T09:47:02 IST" skipped="0">
  <testcase classname="Athorization_BearerToken.Athorization" name="bearerToken" time="3.240"/>
  <system-out/>
</testsuite> <!-- Athorization_BearerToken.Athorization -->
