<?xml version="1.0" encoding="UTF-8"?>
<!-- Generated by org.testng.reporters.JUnitReportReporter -->
<testsuite hostname="DESKTOP-NB17RKO" failures="0" tests="2" name="basic_request.getRequestClass" time="4.189" errors="0" timestamp="2024-08-19T13:12:20 IST" skipped="0">
  <testcase classname="basic_request.getRequestClass" name="test02" time="0.676"/>
  <system-out/>
  <testcase classname="basic_request.getRequestClass" name="test01" time="3.513"/>
  <system-out/>
</testsuite> <!-- basic_request.getRequestClass -->
