<?xml version="1.0" encoding="UTF-8"?>
<!-- Generated by org.testng.reporters.JUnitReportReporter -->
<testsuite hostname="DESKTOP-NB17RKO" failures="0" tests="1" name="basic_request.PostMethod" time="3.201" errors="0" timestamp="2024-08-19T13:11:29 IST" skipped="0">
  <testcase classname="basic_request.PostMethod" name="test03" time="3.201"/>
  <system-out/>
</testsuite> <!-- basic_request.PostMethod -->
