<?xml version="1.0" encoding="UTF-8"?>
<!-- Generated by org.testng.reporters.JUnitReportReporter -->
<testsuite hostname="DESKTOP-NB17RKO" failures="0" tests="1" name="basic_request.DeleteMethod" time="3.998" errors="0" timestamp="2024-08-19T14:20:22 IST" skipped="0">
  <testcase classname="basic_request.DeleteMethod" name="deleteData" time="3.998"/>
  <system-out/>
</testsuite> <!-- basic_request.DeleteMethod -->
