<?xml version="1.0" encoding="UTF-8"?>
<!-- Generated by org.testng.reporters.JUnitReportReporter -->
<testsuite hostname="DESKTOP-NB17RKO" failures="0" tests="1" name="ValidateResponse.ValidateAssertResponse" time="2.923" errors="0" timestamp="2024-08-19T14:34:47 IST" skipped="0">
  <testcase classname="ValidateResponse.ValidateAssertResponse" name="assertMethodResponseForGet" time="2.923"/>
  <system-out/>
</testsuite> <!-- ValidateResponse.ValidateAssertResponse -->
