<?xml version="1.0" encoding="UTF-8"?>
<!-- Generated by org.testng.reporters.JUnitReportReporter -->
<testsuite hostname="DESKTOP-NB17RKO" failures="0" tests="1" name="basic_request.PutMethod" time="2.958" errors="0" timestamp="2024-08-19T13:09:36 IST" skipped="0">
  <testcase classname="basic_request.PutMethod" name="test04" time="2.958"/>
  <system-out/>
</testsuite> <!-- basic_request.PutMethod -->
