<?xml version="1.0" encoding="UTF-8"?>
<!-- Generated by org.testng.reporters.JUnitReportReporter -->
<testsuite hostname="DESKTOP-NB17RKO" failures="0" tests="1" name="WorkWithQueryParameter.ValidateQueryparam" time="5.307" errors="0" timestamp="2024-08-20T17:20:14 IST" skipped="0">
  <testcase classname="WorkWithQueryParameter.ValidateQueryparam" name="validateSingleData" time="5.307"/>
  <system-out/>
</testsuite> <!-- WorkWithQueryParameter.ValidateQueryparam -->
