<?xml version="1.0" encoding="UTF-8"?>
<!-- Generated by org.testng.reporters.JUnitReportReporter -->
<testsuite hostname="DESKTOP-NB17RKO" failures="0" tests="1" name="ValidateResponse.ValidateResponseByBDD" time="3.143" errors="0" timestamp="2024-08-19T14:40:48 IST" skipped="0">
  <testcase classname="ValidateResponse.ValidateResponseByBDD" name="ValidateBDDStstus" time="3.143"/>
  <system-out/>
</testsuite> <!-- ValidateResponse.ValidateResponseByBDD -->
